 
****************************************
Report : area
Design : commMod
Version: V-2023.12-SP5
Date   : Tue Oct 22 19:39:36 2024
****************************************

Information: Updating design information... (UID-85)
Library(s) Used:

    saed32lvt_tt0p85v25c (File: /cae/apps/data/saed32_edk-2022/lib/stdcell_lvt/db_nldm/saed32lvt_tt0p85v25c.db)

Number of ports:                           39
Number of nets:                           372
Number of cells:                          311
Number of combinational cells:            247
Number of sequential cells:                63
Number of macros/black boxes:               0
Number of buf/inv:                        123
Number of references:                      25

Combinational area:                555.304648
Buf/Inv area:                      247.282116
Noncombinational area:             415.271309
Macro/Black Box area:                0.000000
Net Interconnect area:             163.453903

Total cell area:                   970.575957
Total area:                       1134.029860
1
