 
****************************************
Report : timing
        -path full
        -delay min
        -max_paths 1
Design : commMod
Version: V-2023.12-SP5
Date   : Tue Oct 22 19:39:36 2024
****************************************

Operating Conditions: tt0p85v25c   Library: saed32lvt_tt0p85v25c
Wire Load Model Mode: enclosed

  Startpoint: iUART/iTX/bit_cnt_reg[1]
              (rising edge-triggered flip-flop clocked by clk)
  Endpoint: iUART/iTX/bit_cnt_reg[1]
            (rising edge-triggered flip-flop clocked by clk)
  Path Group: clk
  Path Type: min

  Des/Clust/Port     Wire Load Model       Library
  ------------------------------------------------
  commMod            16000                 saed32lvt_tt0p85v25c

  Point                                                   Incr       Path
  --------------------------------------------------------------------------
  clock clk (rise edge)                                   0.00       0.00
  clock network delay (ideal)                             0.00       0.00
  iUART/iTX/bit_cnt_reg[1]/CLK (DFFX1_LVT)                0.00       0.00 r
  iUART/iTX/bit_cnt_reg[1]/QN (DFFX1_LVT)                 0.06       0.06 f
  U150/Y (AND2X1_LVT)                                     0.04       0.10 f
  U310/Y (AO22X2_LVT)                                     0.04       0.13 f
  iUART/iTX/bit_cnt_reg[1]/D (DFFX1_LVT)                  0.01       0.14 f
  data arrival time                                                  0.14

  clock clk (rise edge)                                   0.00       0.00
  clock network delay (ideal)                             0.00       0.00
  clock uncertainty                                       0.15       0.15
  iUART/iTX/bit_cnt_reg[1]/CLK (DFFX1_LVT)                0.00       0.15 r
  library hold time                                      -0.01       0.14
  data required time                                                 0.14
  --------------------------------------------------------------------------
  data required time                                                 0.14
  data arrival time                                                 -0.14
  --------------------------------------------------------------------------
  slack (MET)                                                        0.00


1
